<?xml version="1.0" encoding="UTF-8"?>
<!-- Generated by org.testng.reporters.JUnitXMLReporter -->
<testsuite ignored="0" hostname="Ram" failures="0" tests="7" name="Test" time="168.721" errors="0" timestamp="2025-03-25T12:55:18 IST">
  <testcase classname="testcases.RegistrationTest" name="registerUser" time="8.242"/>
  <testcase classname="testcases.LoginTest" name="loginUser" time="14.975"/>
  <testcase classname="io.cucumber.testng.AbstractTestNGCucumberTests" name="runScenario" time="11.062"/>
  <testcase classname="io.cucumber.testng.AbstractTestNGCucumberTests" name="runScenario" time="10.444"/>
  <testcase classname="testcases.ProductSearchTest" name="testProductSearchAndAddToCart" time="15.661"/>
  <testcase classname="testcases.AddMultipleProductsTest" name="testAddingMultipleProducts" time="33.853"/>
  <testcase classname="testcases.CheckoutTest" name="testCheckout" time="27.464"/>
</testsuite> <!-- Test -->
