<?xml version="1.0" encoding="UTF-8"?>
<!-- Generated by org.testng.reporters.JUnitXMLReporter -->
<testsuite ignored="0" hostname="Ram" failures="0" tests="3" name="Test" time="31.599" errors="0" timestamp="2025-03-25T10:39:19 IST">
  <testcase classname="testcases.RegistrationTest" name="registerUser" time="7.251"/>
  <testcase classname="io.cucumber.testng.AbstractTestNGCucumberTests" name="runScenario" time="7.684"/>
  <testcase classname="io.cucumber.testng.AbstractTestNGCucumberTests" name="runScenario" time="6.999"/>
</testsuite> <!-- Test -->
