<?xml version="1.0" encoding="UTF-8"?>
<testng-results ignored="0" total="1" passed="1" failed="0" skipped="0">
  <reporter-output>
  </reporter-output>
  <suite started-at="2025-03-23T21:24:23 IST" name="Default suite" finished-at="2025-03-23T21:25:16 IST" duration-ms="53042">
    <groups>
    </groups>
    <test started-at="2025-03-23T21:24:23 IST" name="Default test" finished-at="2025-03-23T21:25:16 IST" duration-ms="53042">
      <class name="testcases.AddMultipleProductsTest">
        <test-method is-config="true" signature="setUp()[pri:0, instance:testcases.AddMultipleProductsTest@609db43b]" started-at="2025-03-23T21:24:23 IST" name="setUp" finished-at="2025-03-23T21:24:33 IST" duration-ms="9731" status="PASS">
          <reporter-output>
          </reporter-output>
        </test-method> <!-- setUp -->
        <test-method signature="testAddingMultipleProducts()[pri:0, instance:testcases.AddMultipleProductsTest@609db43b]" started-at="2025-03-23T21:24:33 IST" name="testAddingMultipleProducts" finished-at="2025-03-23T21:25:12 IST" duration-ms="39577" status="PASS">
          <reporter-output>
          </reporter-output>
        </test-method> <!-- testAddingMultipleProducts -->
        <test-method is-config="true" signature="teardown()[pri:0, instance:testcases.AddMultipleProductsTest@609db43b]" started-at="2025-03-23T21:25:12 IST" name="teardown" finished-at="2025-03-23T21:25:16 IST" duration-ms="3672" status="PASS">
          <reporter-output>
          </reporter-output>
        </test-method> <!-- teardown -->
      </class> <!-- testcases.AddMultipleProductsTest -->
    </test> <!-- Default test -->
  </suite> <!-- Default suite -->
</testng-results>
